  main.cpp
C:\Program Files (x86)\Windows Kits\10\Include\10.0.19041.0\shared\minwindef.h(130,1): warning C4005: 'APIENTRY': macro redefinition
C:\Dev\project\c++\obj-viewer\obj-viewer\third-party\glfw-imgui\include\GLFW\glfw3.h(85): message : see previous definition of 'APIENTRY'
C:\Dev\project\c++\obj-viewer\obj-viewer\obj-viewer\main.cpp(35,10): warning C4477: 'printf' : format string '%d' requires an argument of type 'int', but variadic argument 1 has type 'unsigned __int64'
C:\Dev\project\c++\obj-viewer\obj-viewer\obj-viewer\main.cpp(35,10): message : consider using '%zd' in the format string
C:\Dev\project\c++\obj-viewer\obj-viewer\obj-viewer\main.cpp(36,10): warning C4477: 'printf' : format string '%d' requires an argument of type 'int', but variadic argument 1 has type 'unsigned __int64'
C:\Dev\project\c++\obj-viewer\obj-viewer\obj-viewer\main.cpp(36,10): message : consider using '%zd' in the format string
  Generating code
  1 of 1831 functions (<0.1%) were compiled, the rest were copied from previous compilation.
    0 functions were new in current compilation
    12 functions had inline decision re-evaluated but remain unchanged
  Finished generating code
glfw-imgui.lib(context.obj) : warning LNK4099: PDB 'glfw-imgui.pdb' was not found with 'glfw-imgui.lib(context.obj)' or at 'C:\Dev\project\c++\obj-viewer\obj-viewer\x64\Release\glfw-imgui.pdb'; linking object as if no debug info
glfw-imgui.lib(window.obj) : warning LNK4099: PDB 'glfw-imgui.pdb' was not found with 'glfw-imgui.lib(window.obj)' or at 'C:\Dev\project\c++\obj-viewer\obj-viewer\x64\Release\glfw-imgui.pdb'; linking object as if no debug info
glfw-imgui.lib(init.obj) : warning LNK4099: PDB 'glfw-imgui.pdb' was not found with 'glfw-imgui.lib(init.obj)' or at 'C:\Dev\project\c++\obj-viewer\obj-viewer\x64\Release\glfw-imgui.pdb'; linking object as if no debug info
glfw-imgui.lib(input.obj) : warning LNK4099: PDB 'glfw-imgui.pdb' was not found with 'glfw-imgui.lib(input.obj)' or at 'C:\Dev\project\c++\obj-viewer\obj-viewer\x64\Release\glfw-imgui.pdb'; linking object as if no debug info
glfw-imgui.lib(imgui_impl_glfw.obj) : warning LNK4099: PDB 'glfw-imgui.pdb' was not found with 'glfw-imgui.lib(imgui_impl_glfw.obj)' or at 'C:\Dev\project\c++\obj-viewer\obj-viewer\x64\Release\glfw-imgui.pdb'; linking object as if no debug info
glfw-imgui.lib(imgui.obj) : warning LNK4099: PDB 'glfw-imgui.pdb' was not found with 'glfw-imgui.lib(imgui.obj)' or at 'C:\Dev\project\c++\obj-viewer\obj-viewer\x64\Release\glfw-imgui.pdb'; linking object as if no debug info
glfw-imgui.lib(wgl_context.obj) : warning LNK4099: PDB 'glfw-imgui.pdb' was not found with 'glfw-imgui.lib(wgl_context.obj)' or at 'C:\Dev\project\c++\obj-viewer\obj-viewer\x64\Release\glfw-imgui.pdb'; linking object as if no debug info
glfw-imgui.lib(win32_tls.obj) : warning LNK4099: PDB 'glfw-imgui.pdb' was not found with 'glfw-imgui.lib(win32_tls.obj)' or at 'C:\Dev\project\c++\obj-viewer\obj-viewer\x64\Release\glfw-imgui.pdb'; linking object as if no debug info
glfw-imgui.lib(win32_window.obj) : warning LNK4099: PDB 'glfw-imgui.pdb' was not found with 'glfw-imgui.lib(win32_window.obj)' or at 'C:\Dev\project\c++\obj-viewer\obj-viewer\x64\Release\glfw-imgui.pdb'; linking object as if no debug info
glfw-imgui.lib(monitor.obj) : warning LNK4099: PDB 'glfw-imgui.pdb' was not found with 'glfw-imgui.lib(monitor.obj)' or at 'C:\Dev\project\c++\obj-viewer\obj-viewer\x64\Release\glfw-imgui.pdb'; linking object as if no debug info
glfw-imgui.lib(win32_init.obj) : warning LNK4099: PDB 'glfw-imgui.pdb' was not found with 'glfw-imgui.lib(win32_init.obj)' or at 'C:\Dev\project\c++\obj-viewer\obj-viewer\x64\Release\glfw-imgui.pdb'; linking object as if no debug info
glfw-imgui.lib(win32_monitor.obj) : warning LNK4099: PDB 'glfw-imgui.pdb' was not found with 'glfw-imgui.lib(win32_monitor.obj)' or at 'C:\Dev\project\c++\obj-viewer\obj-viewer\x64\Release\glfw-imgui.pdb'; linking object as if no debug info
glfw-imgui.lib(winmm_joystick.obj) : warning LNK4099: PDB 'glfw-imgui.pdb' was not found with 'glfw-imgui.lib(winmm_joystick.obj)' or at 'C:\Dev\project\c++\obj-viewer\obj-viewer\x64\Release\glfw-imgui.pdb'; linking object as if no debug info
glfw-imgui.lib(win32_time.obj) : warning LNK4099: PDB 'glfw-imgui.pdb' was not found with 'glfw-imgui.lib(win32_time.obj)' or at 'C:\Dev\project\c++\obj-viewer\obj-viewer\x64\Release\glfw-imgui.pdb'; linking object as if no debug info
glfw-imgui.lib(imgui_draw.obj) : warning LNK4099: PDB 'glfw-imgui.pdb' was not found with 'glfw-imgui.lib(imgui_draw.obj)' or at 'C:\Dev\project\c++\obj-viewer\obj-viewer\x64\Release\glfw-imgui.pdb'; linking object as if no debug info
  obj-viewer.vcxproj -> C:\Dev\project\c++\obj-viewer\obj-viewer\x64\Release\obj-viewer.exe
